<?xml version="1.0" encoding="UTF-8"?>
<!-- Generated by org.testng.reporters.JUnitReportReporter -->
<testsuite skipped="0" hostname="LAPTOP-3FSGIJEU" name="com.testAnnotations.TestAnnotations" tests="2" failures="0" timestamp="2022-10-07T17:04:47 IST" time="0.011" errors="0">
  <testcase name="Test1" time="0.008" classname="com.testAnnotations.TestAnnotations"/>
  <system-out/>
  <testcase name="Test2" time="0.003" classname="com.testAnnotations.TestAnnotations"/>
  <system-out/>
</testsuite> <!-- com.testAnnotations.TestAnnotations -->
